<?xml version="1.0" encoding="UTF-8"?>
<!-- Generated by org.testng.reporters.JUnitReportReporter -->
<testsuite hostname="DESKTOP-6AI8862" failures="0" tests="1" name="TestScripts.TestCase1" time="14.983" errors="0" timestamp="2023-02-17T09:48:16 IST" skipped="0">
  <testcase classname="TestScripts.TestCase1" name="firstTest1" time="14.983"/>
  <system-out/>
</testsuite> <!-- TestScripts.TestCase1 -->
